<?xml version="1.0" encoding="UTF-8"?>
<testsuite xmlns:xsi="http://www.w3.org/2001/XMLSchema-instance" xsi:noNamespaceSchemaLocation="https://maven.apache.org/surefire/maven-surefire-plugin/xsd/surefire-test-report-3.0.xsd" version="3.0" name="com.sg.vendingmachine.daos.VendingMachineFileDaoTest" time="0.583" tests="3" errors="0" skipped="0" failures="0">
  <properties>
[...]
</properties>
  <testcase name="testGetItemsGoldenPath" classname="com.sg.vendingmachine.daos.VendingMachineFileDaoTest" time="0.009"/>
  <testcase name="testGetItemsMissingFile" classname="com.sg.vendingmachine.daos.VendingMachineFileDaoTest" time="0.133"/>
  <testcase name="testUpdateQuantityGoldenPath" classname="com.sg.vendingmachine.daos.VendingMachineFileDaoTest" time="0.031"/>
</testsuite>